[LOG] System::create                           : Header version = 2.02.09. Current version = 2.02.09.
[LOG] Manager::init                            : maxchannels = 256 studioflags = 00000006 flags 00000000 extradriverdata 0000000000000000.
[LOG] SystemI::init                            : Initialize version=20209 (128289), maxchannels=256, flags=0x00020000
[LOG] SystemI::setOutputInternal               : Setting output to 'FMOD WASAPI Output'
[LOG] OutputWASAPI::init                       : Mix Format (WAVEFORMATEX): wFormatTag=0xFFFE, nChannels=2, nSamplesPerSec=48000, nAvgBytesPerSec=384000, nBlockAlign=8, wBitsPerSample=32, cbSize=22.
[LOG] OutputWASAPI::init                       : Mix Format (WAVEFORMATEXTENSIBLE): wValidBitsPerSample=32, dwChannelMask=0x00000003, SubFormat=00000003-0000-0010-8000-00AA00389B71.
[LOG] OutputWASAPI::init                       : Output buffer size: 4096 samples, latency: 0.00ms, period: 10.00ms, DSP buffer: 1024 * 4
[LOG] Thread::initThread                       : Init FMOD stream thread. Affinity: 0x4000000000000003, Priority: 0xFFFF7FFB, Stack Size: 98304, Semaphore: No, Sleep Time: 10, Looping: Yes.
[LOG] Thread::initThread                       : Init FMOD mixer thread. Affinity: 0x4000000000000001, Priority: 0xFFFF7FFA, Stack Size: 81920, Semaphore: No, Sleep Time: 0, Looping: Yes.
[LOG] AsyncManager::init                       : manager 000001644976A868 isAsync 0 updatePeriod 0.02
[LOG] AsyncManager::init                       : done
[LOG] PlaybackSystem::init                     : 
[LOG] Thread::initThread                       : Init FMOD Studio sample load thread. Affinity: 0x4000000000000003, Priority: 0xFFFF7FFD, Stack Size: 98304, Semaphore: No, Sleep Time: 1, Looping: No.
[LOG] PlaybackSystem::init                     : done
[LOG] Thread::initThread                       : Init FMOD Studio bank load thread. Affinity: 0x4000000000000003, Priority: 0xFFFF7FFD, Stack Size: 98304, Semaphore: No, Sleep Time: 1, Looping: No.
[LOG] Manager::init                            : done.
[LOG] Manager::readBank                        : fileversion = 142, compatVersion = 140 (oldest = 44, newest = 142)
[LOG] Manager::readBank                        : fileversion = 142, compatVersion = 140 (oldest = 44, newest = 142)
[LOG] Manager::readBank                        : fileversion = 142, compatVersion = 140 (oldest = 44, newest = 142)
[LOG] PlaybackSystem::acquireMasterBus         : Setting master channel group format to 6
[LOG] SystemI::createSoundInternal             : Create name='', mode=0x02000202
[LOG] SystemI::createSoundInternal             : exinfo->cbsize             = 224
[LOG] SystemI::createSoundInternal             : exinfo->length             = 5134656
[LOG] SystemI::createSoundInternal             : exinfo->fileoffset         = 30880
[LOG] SystemI::createSoundInternal             : exinfo->numsubsounds       = 1
[LOG] SystemI::createSoundInternal             : exinfo->inclusionlist      = 000000182AA0EFF8
[LOG] SystemI::createSoundInternal             : exinfo->inclusionlistnum   = 1
[LOG] SystemI::createSoundInternal             : exinfo->suggestedsoundtype = 5
[LOG] SystemI::createSoundInternal             : exinfo->useropen           = 00007FF8A3BE33C0
[LOG] SystemI::createSoundInternal             : exinfo->userclose          = 00007FF8A3BE3380
[LOG] SystemI::createSoundInternal             : exinfo->userread           = 00007FF8A3BE34A0
[LOG] SystemI::createSoundInternal             : exinfo->userseek           = 00007FF8A3BE3560
[LOG] SystemI::createSoundInternal             : exinfo->fileuserdata       = 00000163EDCF5348
[LOG] SystemI::createSoundInternal             : exinfo->initialseekpostype = 1
[LOG] SystemI::DSPCodecPoolRegister            : register codec pool for pool type 5
[LOG] SystemI::createSoundInternal             : Sample 0/1: name='sfx_mg3_glass_click', format=5, channels=2, frequency=48000, lengthbytes=896, lengthpcm=3401, pcmblocksize=0, loopstart=0, loopend=0, mode=0x00000000, channelmask=0x00000000, channelorder=0, peakvolume=0.170836.
[LOG] SystemI::createSoundInternal             : Create name='', mode=0x02000202
[LOG] SystemI::createSoundInternal             : exinfo->cbsize             = 224
[LOG] SystemI::createSoundInternal             : exinfo->length             = 5134656
[LOG] SystemI::createSoundInternal             : exinfo->fileoffset         = 30880
[LOG] SystemI::createSoundInternal             : exinfo->numsubsounds       = 1
[LOG] SystemI::createSoundInternal             : exinfo->inclusionlist      = 000000182AA0EFF8
[LOG] SystemI::createSoundInternal             : exinfo->inclusionlistnum   = 1
[LOG] SystemI::createSoundInternal             : exinfo->suggestedsoundtype = 5
[LOG] SystemI::createSoundInternal             : exinfo->useropen           = 00007FF8A3BE33C0
[LOG] SystemI::createSoundInternal             : exinfo->userclose          = 00007FF8A3BE3380
[LOG] SystemI::createSoundInternal             : exinfo->userread           = 00007FF8A3BE34A0
[LOG] SystemI::createSoundInternal             : exinfo->userseek           = 00007FF8A3BE3560
[LOG] SystemI::createSoundInternal             : exinfo->fileuserdata       = 00000163EDCF5348
[LOG] SystemI::createSoundInternal             : exinfo->initialseekpostype = 1
[LOG] SystemI::DSPCodecPoolRegister            : register codec pool for pool type 5
[LOG] SystemI::createSoundInternal             : Sample 0/1: name='sfx_mg3_glass_click_02', format=5, channels=2, frequency=48000, lengthbytes=3232, lengthpcm=12000, pcmblocksize=0, loopstart=0, loopend=0, mode=0x00000000, channelmask=0x00000000, channelorder=0, peakvolume=0.423850.
[LOG] SystemI::createSoundInternal             : Create name='', mode=0x02000202
[LOG] SystemI::createSoundInternal             : exinfo->cbsize             = 224
[LOG] SystemI::createSoundInternal             : exinfo->length             = 5134656
[LOG] SystemI::createSoundInternal             : exinfo->fileoffset         = 30880
[LOG] SystemI::createSoundInternal             : exinfo->numsubsounds       = 1
[LOG] SystemI::createSoundInternal             : exinfo->inclusionlist      = 000000182AA0EFF8
[LOG] SystemI::createSoundInternal             : exinfo->inclusionlistnum   = 1
[LOG] SystemI::createSoundInternal             : exinfo->suggestedsoundtype = 5
[LOG] SystemI::createSoundInternal             : exinfo->useropen           = 00007FF8A3BE33C0
[LOG] SystemI::createSoundInternal             : exinfo->userclose          = 00007FF8A3BE3380
[LOG] SystemI::createSoundInternal             : exinfo->userread           = 00007FF8A3BE34A0
[LOG] SystemI::createSoundInternal             : exinfo->userseek           = 00007FF8A3BE3560
[LOG] SystemI::createSoundInternal             : exinfo->fileuserdata       = 00000163EDCF5348
[LOG] SystemI::createSoundInternal             : exinfo->initialseekpostype = 1
[LOG] SystemI::DSPCodecPoolRegister            : register codec pool for pool type 5
[LOG] SystemI::createSoundInternal             : Sample 0/1: name='sfx_mg3_glass_break_03', format=5, channels=2, frequency=48000, lengthbytes=16384, lengthpcm=56250, pcmblocksize=0, loopstart=0, loopend=0, mode=0x00000000, channelmask=0x00000000, channelorder=0, peakvolume=0.187192.
[LOG] SystemI::createSoundInternal             : Create name='', mode=0x02000202
[LOG] SystemI::createSoundInternal             : exinfo->cbsize             = 224
[LOG] SystemI::createSoundInternal             : exinfo->length             = 5134656
[LOG] SystemI::createSoundInternal             : exinfo->fileoffset         = 30880
[LOG] SystemI::createSoundInternal             : exinfo->numsubsounds       = 1
[LOG] SystemI::createSoundInternal             : exinfo->inclusionlist      = 000000182AA0EFF8
[LOG] SystemI::createSoundInternal             : exinfo->inclusionlistnum   = 1
[LOG] SystemI::createSoundInternal             : exinfo->suggestedsoundtype = 5
[LOG] SystemI::createSoundInternal             : exinfo->useropen           = 00007FF8A3BE33C0
[LOG] SystemI::createSoundInternal             : exinfo->userclose          = 00007FF8A3BE3380
[LOG] SystemI::createSoundInternal             : exinfo->userread           = 00007FF8A3BE34A0
[LOG] SystemI::createSoundInternal             : exinfo->userseek           = 00007FF8A3BE3560
[LOG] SystemI::createSoundInternal             : exinfo->fileuserdata       = 00000163EDCF5348
[LOG] SystemI::createSoundInternal             : exinfo->initialseekpostype = 1
[LOG] SystemI::DSPCodecPoolRegister            : register codec pool for pool type 5
[LOG] SystemI::createSoundInternal             : Sample 0/1: name='sfx_mg3_glass_break_01', format=5, channels=2, frequency=48000, lengthbytes=6752, lengthpcm=28214, pcmblocksize=0, loopstart=0, loopend=0, mode=0x00000000, channelmask=0x00000000, channelorder=0, peakvolume=0.751488.
[LOG] SystemI::createSoundInternal             : Create name='', mode=0x02000202
[LOG] SystemI::createSoundInternal             : exinfo->cbsize             = 224
[LOG] SystemI::createSoundInternal             : exinfo->length             = 5134656
[LOG] SystemI::createSoundInternal             : exinfo->fileoffset         = 30880
[LOG] SystemI::createSoundInternal             : exinfo->numsubsounds       = 1
[LOG] SystemI::createSoundInternal             : exinfo->inclusionlist      = 000000182AA0EFF8
[LOG] SystemI::createSoundInternal             : exinfo->inclusionlistnum   = 1
[LOG] SystemI::createSoundInternal             : exinfo->suggestedsoundtype = 5
[LOG] SystemI::createSoundInternal             : exinfo->useropen           = 00007FF8A3BE33C0
[LOG] SystemI::createSoundInternal             : exinfo->userclose          = 00007FF8A3BE3380
[LOG] SystemI::createSoundInternal             : exinfo->userread           = 00007FF8A3BE34A0
[LOG] SystemI::createSoundInternal             : exinfo->userseek           = 00007FF8A3BE3560
[LOG] SystemI::createSoundInternal             : exinfo->fileuserdata       = 00000163EDCF5348
[LOG] SystemI::createSoundInternal             : exinfo->initialseekpostype = 1
[LOG] SystemI::DSPCodecPoolRegister            : register codec pool for pool type 5
[LOG] SystemI::createSoundInternal             : Sample 0/1: name='sfx_mg3_glass_break_02', format=5, channels=2, frequency=48000, lengthbytes=14368, lengthpcm=65625, pcmblocksize=0, loopstart=0, loopend=0, mode=0x00000000, channelmask=0x00000000, channelorder=0, peakvolume=0.197415.
[LOG] SystemI::createSound                     : filename = Oruga_Audio/Build/Desktop/Master.bank : mode 02010082
[LOG] SystemI::createSound                     : FMOD_NONBLOCKING specified.  Putting into queue to be opened asynchronously!
[LOG] Thread::initThread                       : Init FMOD nonblocking thread (0). Affinity: 0x4000000000000003, Priority: 0xFFFF7FFC, Stack Size: 114688, Semaphore: Yes, Sleep Time: 0, Looping: Yes.
[LOG] SystemI::createSound                     : setdata soundi = 000001644A06CFF8 : node = 00000164475F40C0
[LOG] SystemI::createSound                     : add node to async list : head = 0000016432A5AA78.  list count = 0
[LOG] AsyncThread::threadFunc                  : Starting Asynchronous operation on sound 000001644A06CFF8
[LOG] SystemI::createSoundInternal             :     Create name='Oruga_Audio/Build/Desktop/Master.bank', mode=0x02010082
[LOG] SystemI::createSoundInternal             :     exinfo->cbsize             = 224
[LOG] SystemI::createSoundInternal             :     exinfo->length             = 5134656
[LOG] SystemI::createSoundInternal             :     exinfo->fileoffset         = 30880
[LOG] SystemI::createSoundInternal             :     exinfo->numsubsounds       = 1
[LOG] SystemI::createSoundInternal             :     exinfo->inclusionlist      = 00000164475F41D0
[LOG] SystemI::createSoundInternal             :     exinfo->inclusionlistnum   = 1
[LOG] SystemI::createSoundInternal             :     exinfo->suggestedsoundtype = 5
[LOG] SystemI::createSoundInternal             :     exinfo->initialseekpostype = 1
[LOG] SystemI::createSoundInternal             :     Stream 0/1: name='FinalEscena', format=5, channels=2, frequency=48000, lengthbytes=695424, lengthpcm=2380047, pcmblocksize=0, loopstart=0, loopend=0, mode=0x00000000, channelmask=0x00000000, channelorder=0, peakvolume=0.891251.
[LOG] Thread::initThread                       :     Init FMOD file thread. Affinity: 0x4000000000000003, Priority: 0xFFFF7FFC, Stack Size: 65536, Semaphore: No, Sleep Time: 10, Looping: Yes.
[LOG] AsyncThread::threadFunc                  : Finished Asynchronous operation on sound 000001644A06CFF8
[LOG] SoundI::release                          : FinalEscena (000001644A06CFF8)
[LOG] SoundI::release                          :     FinalEscena (0000016432B87CA8)
[LOG] SoundI::release                          :     FinalEscena (000001644A06D1A8)
[LOG] SoundI::release                          :  (000001643269B6B8)
[LOG] SoundI::release                          :     sfx_mg3_glass_click (00000164443E1588)
[LOG] SoundI::release                          :  (000001643269AB38)
[LOG] SoundI::release                          :     sfx_mg3_glass_click_02 (00000164443E1728)
[LOG] SoundI::release                          :  (000001643269B268)
[LOG] SoundI::release                          :     sfx_mg3_glass_break_01 (00000164E598BA28)
[LOG] SoundI::release                          :  (000001643269B0F8)
[LOG] SoundI::release                          :     sfx_mg3_glass_break_03 (00000164E598B6E8)
[LOG] SoundI::release                          :  (000001643269B3D8)
[LOG] SoundI::release                          :     sfx_mg3_glass_break_02 (00000164E598B068)
[LOG] SoundI::release                          :  (00000164496BE318)
[LOG] SoundI::release                          :     UltimoJuego (0000016448153948)
[LOG] Thread::callback                         : FMOD Studio update thread finished.
[LOG] Thread::callback                         : FMOD Studio bank load thread finished.
[LOG] Profile::disconnectAll                   : Profiler disconnecting all clients
[LOG] Thread::callback                         : FMOD Studio sample load thread finished.
[LOG] LiveUpdate::release                      : 
[LOG] LiveUpdate::reset                        : Reset connection (reason Disconnected)
[LOG] Thread::callback                         : FMOD stream thread finished.
[LOG] Thread::callback                         : FMOD mixer thread finished.
[LOG] Profile::disconnectAll                   : Profiler disconnecting all clients
[LOG] SystemI::close                           : Closed.
